C:\Program Files\Microsoft Visual Studio\2022\Community\MSBuild\Microsoft\VC\v170\Microsoft.CppBuild.targets(517,5): warning MSB8028: The intermediate directory (Debug\) contains files shared from another project (ExampleEngine.vcxproj).  This can lead to incorrect clean and rebuild behavior.
  EntryPoint.cpp
C:\Program Files (x86)\Windows Kits\10\Include\10.0.19041.0\shared\minwindef.h(130,1): warning C4005: 'APIENTRY': macro redefinition
C:\Proj\FrogEngine\Dependencies\GLFW\include\glfw3.h(123,1): message : see previous definition of 'APIENTRY'
C:\Proj\FrogEngine\ExampleEngine\EntryPoint.cpp(54,19): warning C4244: 'initializing': conversion from 'double' to 'float', possible loss of data
C:\Proj\FrogEngine\ExampleEngine\EntryPoint.cpp(65,17): warning C4244: 'initializing': conversion from 'double' to 'float', possible loss of data
image.obj : warning LNK4006: _stbi_load_from_memory already defined in Texture.obj; second definition ignored
image.obj : warning LNK4006: _stbi_load_from_callbacks already defined in Texture.obj; second definition ignored
image.obj : warning LNK4006: _stbi_load already defined in Texture.obj; second definition ignored
image.obj : warning LNK4006: _stbi_load_from_file already defined in Texture.obj; second definition ignored
image.obj : warning LNK4006: _stbi_load_gif_from_memory already defined in Texture.obj; second definition ignored
image.obj : warning LNK4006: _stbi_load_16_from_memory already defined in Texture.obj; second definition ignored
image.obj : warning LNK4006: _stbi_load_16_from_callbacks already defined in Texture.obj; second definition ignored
image.obj : warning LNK4006: _stbi_load_16 already defined in Texture.obj; second definition ignored
image.obj : warning LNK4006: _stbi_load_from_file_16 already defined in Texture.obj; second definition ignored
image.obj : warning LNK4006: _stbi_loadf_from_memory already defined in Texture.obj; second definition ignored
image.obj : warning LNK4006: _stbi_loadf_from_callbacks already defined in Texture.obj; second definition ignored
image.obj : warning LNK4006: _stbi_loadf already defined in Texture.obj; second definition ignored
image.obj : warning LNK4006: _stbi_loadf_from_file already defined in Texture.obj; second definition ignored
image.obj : warning LNK4006: _stbi_hdr_to_ldr_gamma already defined in Texture.obj; second definition ignored
image.obj : warning LNK4006: _stbi_hdr_to_ldr_scale already defined in Texture.obj; second definition ignored
image.obj : warning LNK4006: _stbi_ldr_to_hdr_gamma already defined in Texture.obj; second definition ignored
image.obj : warning LNK4006: _stbi_ldr_to_hdr_scale already defined in Texture.obj; second definition ignored
image.obj : warning LNK4006: _stbi_is_hdr_from_callbacks already defined in Texture.obj; second definition ignored
image.obj : warning LNK4006: _stbi_is_hdr_from_memory already defined in Texture.obj; second definition ignored
image.obj : warning LNK4006: _stbi_is_hdr already defined in Texture.obj; second definition ignored
image.obj : warning LNK4006: _stbi_is_hdr_from_file already defined in Texture.obj; second definition ignored
image.obj : warning LNK4006: _stbi_failure_reason already defined in Texture.obj; second definition ignored
image.obj : warning LNK4006: _stbi_image_free already defined in Texture.obj; second definition ignored
image.obj : warning LNK4006: _stbi_info_from_memory already defined in Texture.obj; second definition ignored
image.obj : warning LNK4006: _stbi_info_from_callbacks already defined in Texture.obj; second definition ignored
image.obj : warning LNK4006: _stbi_is_16_bit_from_memory already defined in Texture.obj; second definition ignored
image.obj : warning LNK4006: _stbi_is_16_bit_from_callbacks already defined in Texture.obj; second definition ignored
image.obj : warning LNK4006: _stbi_info already defined in Texture.obj; second definition ignored
image.obj : warning LNK4006: _stbi_info_from_file already defined in Texture.obj; second definition ignored
image.obj : warning LNK4006: _stbi_is_16_bit already defined in Texture.obj; second definition ignored
image.obj : warning LNK4006: _stbi_is_16_bit_from_file already defined in Texture.obj; second definition ignored
image.obj : warning LNK4006: _stbi_set_unpremultiply_on_load already defined in Texture.obj; second definition ignored
image.obj : warning LNK4006: _stbi_convert_iphone_png_to_rgb already defined in Texture.obj; second definition ignored
image.obj : warning LNK4006: _stbi_set_flip_vertically_on_load already defined in Texture.obj; second definition ignored
image.obj : warning LNK4006: _stbi_convert_iphone_png_to_rgb_thread already defined in Texture.obj; second definition ignored
image.obj : warning LNK4006: _stbi_set_flip_vertically_on_load_thread already defined in Texture.obj; second definition ignored
image.obj : warning LNK4006: _stbi_zlib_decode_malloc_guesssize already defined in Texture.obj; second definition ignored
image.obj : warning LNK4006: _stbi_zlib_decode_malloc_guesssize_headerflag already defined in Texture.obj; second definition ignored
image.obj : warning LNK4006: _stbi_zlib_decode_malloc already defined in Texture.obj; second definition ignored
image.obj : warning LNK4006: _stbi_zlib_decode_buffer already defined in Texture.obj; second definition ignored
image.obj : warning LNK4006: _stbi_zlib_decode_noheader_malloc already defined in Texture.obj; second definition ignored
image.obj : warning LNK4006: _stbi_zlib_decode_noheader_buffer already defined in Texture.obj; second definition ignored
image.obj : warning LNK4006: "void __cdecl stbi__unpremultiply_on_load_thread(int)" (?stbi__unpremultiply_on_load_thread@@YAXH@Z) already defined in Texture.obj; second definition ignored
  ExampleEngine.vcxproj -> C:\Proj\FrogEngine\Debug\FrogEngine.lib
