c:\proj\frogengine\exampleengine\debug\vc143.pdb
c:\proj\frogengine\exampleengine\debug\vc143.idb
c:\proj\frogengine\exampleengine\debug\shader.obj
c:\proj\frogengine\exampleengine\debug\renderer.obj
c:\proj\frogengine\exampleengine\debug\main.obj
c:\proj\frogengine\exampleengine\debug\indexbuffer.obj
c:\proj\frogengine\exampleengine\debug\vertexbuffer.obj
c:\proj\frogengine\exampleengine\debug\vertexarray.obj
c:\proj\frogengine\exampleengine\debug\frogenginefileparser.obj
c:\proj\frogengine\exampleengine\debug\frogengine.obj
c:\proj\frogengine\debug\frogengine.pdb
c:\proj\frogengine\debug\frogengine.idb
c:\proj\frogengine\exampleengine\debug\errorcatcher.obj
c:\proj\frogengine\exampleengine\debug\application.obj
c:\proj\frogengine\debug\frogengine.lib
c:\proj\frogengine\exampleengine\debug\frogengine.ilk
c:\proj\frogengine\debug\frogengine.dll
c:\proj\frogengine\exampleengine\debug\errorchecking.obj
c:\proj\frogengine\exampleengine\debug\log.obj
c:\proj\frogengine\exampleengine\debug\src.obj
c:\proj\frogengine\exampleengine\debug\frogengine.tlog\cl.command.1.tlog
c:\proj\frogengine\exampleengine\debug\frogengine.tlog\cl.read.1.tlog
c:\proj\frogengine\exampleengine\debug\frogengine.tlog\cl.write.1.tlog
c:\proj\frogengine\exampleengine\debug\frogengine.tlog\lib-link.read.1.tlog
c:\proj\frogengine\exampleengine\debug\frogengine.tlog\lib-link.write.1.tlog
c:\proj\frogengine\exampleengine\debug\frogengine.tlog\lib.command.1.tlog
c:\proj\frogengine\exampleengine\debug\frogengine.tlog\link.command.1.tlog
c:\proj\frogengine\exampleengine\debug\frogengine.tlog\link.read.1.tlog
c:\proj\frogengine\exampleengine\debug\frogengine.tlog\link.write.1.tlog
