  RenderStack.cpp
C:\Proj\Murk\MurkEngine\RenderStack.cpp(33,19): warning C4018: '<': signed/unsigned mismatch
  Renderer.cpp
  VertexBuffer.cpp
C:\Proj\Murk\MurkEngine\VertexBuffer.cpp(19,19): warning C4018: '<': signed/unsigned mismatch
  Generating Code...
image.obj : warning LNK4006: _stbi_load_from_memory already defined in Texture.obj; second definition ignored
image.obj : warning LNK4006: _stbi_load_from_callbacks already defined in Texture.obj; second definition ignored
image.obj : warning LNK4006: _stbi_load already defined in Texture.obj; second definition ignored
image.obj : warning LNK4006: _stbi_load_from_file already defined in Texture.obj; second definition ignored
image.obj : warning LNK4006: _stbi_load_gif_from_memory already defined in Texture.obj; second definition ignored
image.obj : warning LNK4006: _stbi_load_16_from_memory already defined in Texture.obj; second definition ignored
image.obj : warning LNK4006: _stbi_load_16_from_callbacks already defined in Texture.obj; second definition ignored
image.obj : warning LNK4006: _stbi_load_16 already defined in Texture.obj; second definition ignored
image.obj : warning LNK4006: _stbi_load_from_file_16 already defined in Texture.obj; second definition ignored
image.obj : warning LNK4006: _stbi_loadf_from_memory already defined in Texture.obj; second definition ignored
image.obj : warning LNK4006: _stbi_loadf_from_callbacks already defined in Texture.obj; second definition ignored
image.obj : warning LNK4006: _stbi_loadf already defined in Texture.obj; second definition ignored
image.obj : warning LNK4006: _stbi_loadf_from_file already defined in Texture.obj; second definition ignored
image.obj : warning LNK4006: _stbi_hdr_to_ldr_gamma already defined in Texture.obj; second definition ignored
image.obj : warning LNK4006: _stbi_hdr_to_ldr_scale already defined in Texture.obj; second definition ignored
image.obj : warning LNK4006: _stbi_ldr_to_hdr_gamma already defined in Texture.obj; second definition ignored
image.obj : warning LNK4006: _stbi_ldr_to_hdr_scale already defined in Texture.obj; second definition ignored
image.obj : warning LNK4006: _stbi_is_hdr_from_callbacks already defined in Texture.obj; second definition ignored
image.obj : warning LNK4006: _stbi_is_hdr_from_memory already defined in Texture.obj; second definition ignored
image.obj : warning LNK4006: _stbi_is_hdr already defined in Texture.obj; second definition ignored
image.obj : warning LNK4006: _stbi_is_hdr_from_file already defined in Texture.obj; second definition ignored
image.obj : warning LNK4006: _stbi_failure_reason already defined in Texture.obj; second definition ignored
image.obj : warning LNK4006: _stbi_image_free already defined in Texture.obj; second definition ignored
image.obj : warning LNK4006: _stbi_info_from_memory already defined in Texture.obj; second definition ignored
image.obj : warning LNK4006: _stbi_info_from_callbacks already defined in Texture.obj; second definition ignored
image.obj : warning LNK4006: _stbi_is_16_bit_from_memory already defined in Texture.obj; second definition ignored
image.obj : warning LNK4006: _stbi_is_16_bit_from_callbacks already defined in Texture.obj; second definition ignored
image.obj : warning LNK4006: _stbi_info already defined in Texture.obj; second definition ignored
image.obj : warning LNK4006: _stbi_info_from_file already defined in Texture.obj; second definition ignored
image.obj : warning LNK4006: _stbi_is_16_bit already defined in Texture.obj; second definition ignored
image.obj : warning LNK4006: _stbi_is_16_bit_from_file already defined in Texture.obj; second definition ignored
image.obj : warning LNK4006: _stbi_set_unpremultiply_on_load already defined in Texture.obj; second definition ignored
image.obj : warning LNK4006: _stbi_convert_iphone_png_to_rgb already defined in Texture.obj; second definition ignored
image.obj : warning LNK4006: _stbi_set_flip_vertically_on_load already defined in Texture.obj; second definition ignored
image.obj : warning LNK4006: _stbi_convert_iphone_png_to_rgb_thread already defined in Texture.obj; second definition ignored
image.obj : warning LNK4006: _stbi_set_flip_vertically_on_load_thread already defined in Texture.obj; second definition ignored
image.obj : warning LNK4006: _stbi_zlib_decode_malloc_guesssize already defined in Texture.obj; second definition ignored
image.obj : warning LNK4006: _stbi_zlib_decode_malloc_guesssize_headerflag already defined in Texture.obj; second definition ignored
image.obj : warning LNK4006: _stbi_zlib_decode_malloc already defined in Texture.obj; second definition ignored
image.obj : warning LNK4006: _stbi_zlib_decode_buffer already defined in Texture.obj; second definition ignored
image.obj : warning LNK4006: _stbi_zlib_decode_noheader_malloc already defined in Texture.obj; second definition ignored
image.obj : warning LNK4006: _stbi_zlib_decode_noheader_buffer already defined in Texture.obj; second definition ignored
image.obj : warning LNK4006: "void __cdecl stbi__unpremultiply_on_load_thread(int)" (?stbi__unpremultiply_on_load_thread@@YAXH@Z) already defined in Texture.obj; second definition ignored
  MurkEngine.vcxproj -> C:\Proj\Murk\MurkEngine\Debug\MurkEngine.lib
