c:\proj\murk\murkengine\debug\murkengine.pdb
c:\proj\murk\murkengine\debug\murkengine.idb
c:\proj\murk\murkengine\debug\renderer.obj
c:\proj\murk\murkengine\debug\indexbuffer.obj
c:\proj\murk\murkengine\debug\vertexbuffer.obj
c:\proj\murk\murkengine\debug\vertexarray.obj
c:\proj\murk\murkengine\debug\texture.obj
c:\proj\murk\murkengine\debug\spritesheetanimation.obj
c:\proj\murk\murkengine\debug\layer.obj
c:\proj\murk\murkengine\debug\imgui_widgets.obj
c:\proj\murk\murkengine\debug\imgui_tables.obj
c:\proj\murk\murkengine\debug\imgui_impl_glfw_gl3.obj
c:\proj\murk\murkengine\debug\imgui_draw.obj
c:\proj\murk\murkengine\debug\imgui_demo.obj
c:\proj\murk\murkengine\debug\imgui.obj
c:\proj\murk\murkengine\debug\image.obj
c:\proj\murk\murkengine\debug\fileparser.obj
c:\proj\murk\murkengine\debug\events.obj
c:\proj\murk\murkengine\debug\errorcatcher.obj
c:\proj\murk\murkengine\debug\entrypoint.obj
c:\proj\murk\murkengine\debug\camera.obj
c:\proj\murk\murkengine\debug\application.obj
c:\proj\murk\murkengine\debug\shader.obj
c:\proj\murk\murkengine\debug\murkengine.lib
c:\proj\murk\murkengine\debug\murkengine.tlog\cl.command.1.tlog
c:\proj\murk\murkengine\debug\murkengine.tlog\cl.read.1.tlog
c:\proj\murk\murkengine\debug\murkengine.tlog\cl.write.1.tlog
c:\proj\murk\murkengine\debug\murkengine.tlog\lib-link.read.1.tlog
c:\proj\murk\murkengine\debug\murkengine.tlog\lib-link.write.1.tlog
c:\proj\murk\murkengine\debug\murkengine.tlog\lib.command.1.tlog
